<?xml version="1.0" encoding="UTF-8"?>
<testsuite xmlns:xsi="http://www.w3.org/2001/XMLSchema-instance" xsi:noNamespaceSchemaLocation="https://maven.apache.org/surefire/maven-surefire-plugin/xsd/surefire-test-report.xsd" name="KenoLogicTest" time="0" tests="9" errors="0" skipped="0" failures="0">
  <properties>
[...]
</properties>
  <testcase name="testSpot1Match1" classname="KenoLogicTest" time="0"/>
  <testcase name="quickPickSize4" classname="KenoLogicTest" time="0"/>
  <testcase name="quickPickSize8" classname="KenoLogicTest" time="0"/>
  <testcase name="testSpot8Match7" classname="KenoLogicTest" time="0"/>
  <testcase name="findMatches1" classname="KenoLogicTest" time="0"/>
  <testcase name="findMatches2" classname="KenoLogicTest" time="0"/>
  <testcase name="findMatches3" classname="KenoLogicTest" time="0"/>
  <testcase name="testSpot4Match4" classname="KenoLogicTest" time="0"/>
  <testcase name="testSpot10Match0" classname="KenoLogicTest" time="0"/>
</testsuite>